Сборка начата 31.10.2024 21:19:28.
Уровень детализации журнала: Normal.     1>Проект "D:\лабы\псп\lab7\lab7\ServerMS\ServerMS.vcxproj" в узле 2 (целевые объекты Build).
     1>PrepareForBuild:
         Структурированный вывод включен. Форматирование диагностики компилятора будет отражать иерархию ошибок. Подробнее см. https://aka.ms/cpp/structured-output.
       InitializeBuildStatus:
         Создание "x64\Debug\ServerMS.tlog\unsuccessfulbuild", так как было задано "AlwaysCreate".
         Обращение к "x64\Debug\ServerMS.tlog\unsuccessfulbuild".
       ClCompile:
         C:\Program Files\Microsoft Visual Studio\2022\Community\VC\Tools\MSVC\14.38.33130\bin\HostX64\x64\CL.exe /c /ZI /JMC /nologo /W3 /WX- /diagnostics:column /sdl /Od /D _DEBUG /D _CONSOLE /D _UNICODE /D UNICODE /Gm- /EHsc /RTC1 /MDd /GS /fp:precise /Zc:wchar_t /Zc:forScope /Zc:inline /permissive- /Fo"x64\Debug\\" /Fd"x64\Debug\vc143.pdb" /external:W3 /Gd /TP /FC /errorReport:prompt ServerMS.cpp
         ServerMS.cpp
       Link:
         C:\Program Files\Microsoft Visual Studio\2022\Community\VC\Tools\MSVC\14.38.33130\bin\HostX64\x64\link.exe /ERRORREPORT:PROMPT /OUT:"D:\лабы\псп\lab7\lab7\x64\Debug\ServerMS.exe" /INCREMENTAL /ILK:"x64\Debug\ServerMS.ilk" /NOLOGO kernel32.lib user32.lib gdi32.lib winspool.lib comdlg32.lib advapi32.lib shell32.lib ole32.lib oleaut32.lib uuid.lib odbc32.lib odbccp32.lib /MANIFEST /MANIFESTUAC:"level='asInvoker' uiAccess='false'" /manifest:embed /DEBUG /PDB:"D:\лабы\псп\lab7\lab7\x64\Debug\ServerMS.pdb" /SUBSYSTEM:CONSOLE /TLBID:1 /DYNAMICBASE /NXCOMPAT /IMPLIB:"D:\лабы\псп\lab7\lab7\x64\Debug\ServerMS.lib" /MACHINE:X64 x64\Debug\Errors.obj
         x64\Debug\ServerMS.obj
         ServerMS.vcxproj -> D:\лабы\псп\lab7\lab7\x64\Debug\ServerMS.exe
       FinalizeBuildStatus:
         Файл "x64\Debug\ServerMS.tlog\unsuccessfulbuild" удаляется.
         Обращение к "x64\Debug\ServerMS.tlog\ServerMS.lastbuildstate".
     1>Сборка проекта "D:\лабы\псп\lab7\lab7\ServerMS\ServerMS.vcxproj" завершена (целевые объекты Build).

Сборка успешно завершена.
    Предупреждений: 0
    Ошибок: 0

Прошло времени 00:00:01.81
