Сборка начата 29.11.2024 10:13:27.
Уровень детализации журнала: Normal.     1>Проект "D:\лабы\псп\lab4\lab4\ServerB\ServerB.vcxproj" в узле 2 (целевые объекты Build).
     1>PrepareForBuild:
         Структурированный вывод включен. Форматирование диагностики компилятора будет отражать иерархию ошибок. Подробнее см. https://aka.ms/cpp/structured-output.
       InitializeBuildStatus:
         Создание "Debug\ServerB.tlog\unsuccessfulbuild", так как было задано "AlwaysCreate".
         Обращение к "Debug\ServerB.tlog\unsuccessfulbuild".
       ClCompile:
         C:\Program Files\Microsoft Visual Studio\2022\Community\VC\Tools\MSVC\14.38.33130\bin\HostX86\x86\CL.exe /c /ZI /JMC /nologo /W3 /WX- /diagnostics:column /sdl /Od /Oy- /D WIN32 /D _DEBUG /D _CONSOLE /D _UNICODE /D UNICODE /Gm- /EHsc /RTC1 /MDd /GS /fp:precise /Zc:wchar_t /Zc:forScope /Zc:inline /permissive- /Fo"Debug\\" /Fd"Debug\vc143.pdb" /external:W3 /Gd /TP /analyze- /FC /errorReport:prompt ServerB.cpp
         ServerB.cpp
       Link:
         C:\Program Files\Microsoft Visual Studio\2022\Community\VC\Tools\MSVC\14.38.33130\bin\HostX86\x86\link.exe /ERRORREPORT:PROMPT /OUT:"D:\лабы\псп\lab4\lab4\Debug\ServerB.exe" /INCREMENTAL /ILK:"Debug\ServerB.ilk" /NOLOGO kernel32.lib user32.lib gdi32.lib winspool.lib comdlg32.lib advapi32.lib shell32.lib ole32.lib oleaut32.lib uuid.lib odbc32.lib odbccp32.lib /MANIFEST /MANIFESTUAC:"level='asInvoker' uiAccess='false'" /manifest:embed /DEBUG /PDB:"D:\лабы\псп\lab4\lab4\Debug\ServerB.pdb" /SUBSYSTEM:CONSOLE /TLBID:1 /DYNAMICBASE /NXCOMPAT /IMPLIB:"D:\лабы\псп\lab4\lab4\Debug\ServerB.lib" /MACHINE:X86 Debug\Errors.obj
         Debug\ServerB.obj
         ServerB.vcxproj -> D:\лабы\псп\lab4\lab4\Debug\ServerB.exe
       FinalizeBuildStatus:
         Файл "Debug\ServerB.tlog\unsuccessfulbuild" удаляется.
         Обращение к "Debug\ServerB.tlog\ServerB.lastbuildstate".
     1>Сборка проекта "D:\лабы\псп\lab4\lab4\ServerB\ServerB.vcxproj" завершена (целевые объекты Build).

Сборка успешно завершена.
    Предупреждений: 0
    Ошибок: 0

Прошло времени 00:00:01.03
