Сборка начата 01.10.2024 15:44:14.
Уровень детализации журнала: Normal.     1>Проект "D:\лабы\псп\lab5\lab5\ServerB\ServerB.vcxproj" в узле 2 (целевые объекты Build).
     1>PrepareForBuild:
         Структурированный вывод включен. Форматирование диагностики компилятора будет отражать иерархию ошибок. Подробнее см. https://aka.ms/cpp/structured-output.
         Создание каталога "D:\лабы\псп\lab5\lab5\x64\Debug\".
         Создание каталога "x64\Debug\ServerB.tlog\".
       InitializeBuildStatus:
         Создание "x64\Debug\ServerB.tlog\unsuccessfulbuild", так как было задано "AlwaysCreate".
         Обращение к "x64\Debug\ServerB.tlog\unsuccessfulbuild".
       ClCompile:
         C:\Program Files\Microsoft Visual Studio\2022\Community\VC\Tools\MSVC\14.38.33130\bin\HostX64\x64\CL.exe /c /ZI /JMC /nologo /W3 /WX- /diagnostics:column /sdl /Od /D _DEBUG /D _CONSOLE /D _UNICODE /D UNICODE /Gm- /EHsc /RTC1 /MDd /GS /fp:precise /Zc:wchar_t /Zc:forScope /Zc:inline /permissive- /Fo"x64\Debug\\" /Fd"x64\Debug\vc143.pdb" /external:W3 /Gd /TP /FC /errorReport:prompt ServerB.cpp
         ServerB.cpp
     1>/ServerB.cpp(1,1): error C1083: Не удается открыть файл источник: ServerB.cpp: No such file or directory,
         (компиляция исходного файла "/ServerB.cpp")
         
     1>Сборка проекта "D:\лабы\псп\lab5\lab5\ServerB\ServerB.vcxproj" завершена (целевые объекты Build) с ошибкой.

Ошибка сборки.

       "D:\лабы\псп\lab5\lab5\ServerB\ServerB.vcxproj" (целевой объект Build ) (1) ->
       (Целевой объект ClCompile) -> 
         /ServerB.cpp(1,1): error C1083: Не удается открыть файл источник: ServerB.cpp: No such file or directory,

    Предупреждений: 0
    Ошибок: 1

Прошло времени 00:00:00.41
