Сборка начата 29.11.2024 10:24:21.
Уровень детализации журнала: Normal.     1>Проект "D:\лабы\псп\lab4\lab4\ClientB\ClientB.vcxproj" в узле 2 (целевые объекты Build).
     1>PrepareForBuild:
         Структурированный вывод включен. Форматирование диагностики компилятора будет отражать иерархию ошибок. Подробнее см. https://aka.ms/cpp/structured-output.
       InitializeBuildStatus:
         Создание "Debug\ClientB.tlog\unsuccessfulbuild", так как было задано "AlwaysCreate".
         Обращение к "Debug\ClientB.tlog\unsuccessfulbuild".
       ClCompile:
         C:\Program Files\Microsoft Visual Studio\2022\Community\VC\Tools\MSVC\14.38.33130\bin\HostX86\x86\CL.exe /c /ZI /JMC /nologo /W3 /WX- /diagnostics:column /sdl /Od /Oy- /D WIN32 /D _DEBUG /D _CONSOLE /D _UNICODE /D UNICODE /Gm- /EHsc /RTC1 /MDd /GS /fp:precise /Zc:wchar_t /Zc:forScope /Zc:inline /permissive- /Fo"Debug\\" /Fd"Debug\vc143.pdb" /external:W3 /Gd /TP /analyze- /FC /errorReport:prompt ClientB.cpp
         ClientB.cpp
     1>D:\лабы\псп\lab4\lab4\ClientB\ClientB.cpp(60,9): warning C4101: lbuf: неиспользованная локальная переменная
       Link:
         C:\Program Files\Microsoft Visual Studio\2022\Community\VC\Tools\MSVC\14.38.33130\bin\HostX86\x86\link.exe /ERRORREPORT:PROMPT /OUT:"D:\лабы\псп\lab4\lab4\Debug\ClientB.exe" /INCREMENTAL /ILK:"Debug\ClientB.ilk" /NOLOGO kernel32.lib user32.lib gdi32.lib winspool.lib comdlg32.lib advapi32.lib shell32.lib ole32.lib oleaut32.lib uuid.lib odbc32.lib odbccp32.lib /MANIFEST /MANIFESTUAC:"level='asInvoker' uiAccess='false'" /manifest:embed /DEBUG /PDB:"D:\лабы\псп\lab4\lab4\Debug\ClientB.pdb" /SUBSYSTEM:CONSOLE /TLBID:1 /DYNAMICBASE /NXCOMPAT /IMPLIB:"D:\лабы\псп\lab4\lab4\Debug\ClientB.lib" /MACHINE:X86 Debug\ClientB.obj
         Debug\Errors.obj
         ClientB.vcxproj -> D:\лабы\псп\lab4\lab4\Debug\ClientB.exe
       FinalizeBuildStatus:
         Файл "Debug\ClientB.tlog\unsuccessfulbuild" удаляется.
         Обращение к "Debug\ClientB.tlog\ClientB.lastbuildstate".
     1>Сборка проекта "D:\лабы\псп\lab4\lab4\ClientB\ClientB.vcxproj" завершена (целевые объекты Build).

Сборка успешно завершена.

       "D:\лабы\псп\lab4\lab4\ClientB\ClientB.vcxproj" (целевой объект Build ) (1) ->
       (Целевой объект ClCompile) -> 
         D:\лабы\псп\lab4\lab4\ClientB\ClientB.cpp(60,9): warning C4101: lbuf: неиспользованная локальная переменная

    Предупреждений: 1
    Ошибок: 0

Прошло времени 00:00:01.40
