Сборка начата 27.09.2024 12:18:44.
Уровень детализации журнала: Normal.     1>Проект "D:\лабы\псп\lab3\lab3\ServerU\ServerU.vcxproj" в узле 2 (целевые объекты Build).
     1>PrepareForBuild:
         Структурированный вывод включен. Форматирование диагностики компилятора будет отражать иерархию ошибок. Подробнее см. https://aka.ms/cpp/structured-output.
       InitializeBuildStatus:
         Создание "Debug\ServerU.tlog\unsuccessfulbuild", так как было задано "AlwaysCreate".
         Обращение к "Debug\ServerU.tlog\unsuccessfulbuild".
       ClCompile:
         C:\Program Files\Microsoft Visual Studio\2022\Community\VC\Tools\MSVC\14.38.33130\bin\HostX86\x86\CL.exe /c /ZI /JMC /nologo /W3 /WX- /diagnostics:column /sdl /Od /Oy- /D WIN32 /D _DEBUG /D _CONSOLE /D _UNICODE /D UNICODE /Gm- /EHsc /RTC1 /MDd /GS /fp:precise /Zc:wchar_t /Zc:forScope /Zc:inline /permissive- /Fo"Debug\\" /Fd"Debug\vc143.pdb" /external:W3 /Gd /TP /analyze- /FC /errorReport:prompt ServerU.cpp
         ServerU.cpp
       Link:
         C:\Program Files\Microsoft Visual Studio\2022\Community\VC\Tools\MSVC\14.38.33130\bin\HostX86\x86\link.exe /ERRORREPORT:PROMPT /OUT:"D:\лабы\псп\lab3\lab3\Debug\ServerU.exe" /INCREMENTAL /ILK:"Debug\ServerU.ilk" /NOLOGO kernel32.lib user32.lib gdi32.lib winspool.lib comdlg32.lib advapi32.lib shell32.lib ole32.lib oleaut32.lib uuid.lib odbc32.lib odbccp32.lib /MANIFEST /MANIFESTUAC:"level='asInvoker' uiAccess='false'" /manifest:embed /DEBUG /PDB:"D:\лабы\псп\lab3\lab3\Debug\ServerU.pdb" /SUBSYSTEM:CONSOLE /TLBID:1 /DYNAMICBASE /NXCOMPAT /IMPLIB:"D:\лабы\псп\lab3\lab3\Debug\ServerU.lib" /MACHINE:X86 Debug\ServerU.obj
         ServerU.vcxproj -> D:\лабы\псп\lab3\lab3\Debug\ServerU.exe
       FinalizeBuildStatus:
         Файл "Debug\ServerU.tlog\unsuccessfulbuild" удаляется.
         Обращение к "Debug\ServerU.tlog\ServerU.lastbuildstate".
     1>Сборка проекта "D:\лабы\псп\lab3\lab3\ServerU\ServerU.vcxproj" завершена (целевые объекты Build).

Сборка успешно завершена.
    Предупреждений: 0
    Ошибок: 0

Прошло времени 00:00:02.38
