Сборка начата 11.12.2024 10:21:43.
Уровень детализации журнала: Normal.     1>Проект "D:\лабы\псп\Lab08-10\Lab08-10\SumFunc\SumFunc.vcxproj" в узле 2 (целевые объекты Build).
     1>PrepareForBuild:
         Структурированный вывод включен. Форматирование диагностики компилятора будет отражать иерархию ошибок. Подробнее см. https://aka.ms/cpp/structured-output.
       InitializeBuildStatus:
         Обращение к "x64\Debug\SumFunc.tlog\unsuccessfulbuild".
       ClCompile:
         C:\Program Files\Microsoft Visual Studio\2022\Community\VC\Tools\MSVC\14.38.33130\bin\HostX64\x64\CL.exe /c /ZI /JMC /nologo /W3 /WX- /diagnostics:column /sdl /Od /D _DEBUG /D SUMFUNC_EXPORTS /D _WINDOWS /D _USRDLL /D _WINDLL /D _UNICODE /D UNICODE /Gm- /EHsc /RTC1 /MDd /GS /fp:precise /Zc:wchar_t /Zc:forScope /Zc:inline /permissive- /Fo"x64\Debug\\" /Fd"x64\Debug\vc143.pdb" /external:W3 /Gd /TP /FC /errorReport:prompt dllmain.cpp
         dllmain.cpp
       Link:
         C:\Program Files\Microsoft Visual Studio\2022\Community\VC\Tools\MSVC\14.38.33130\bin\HostX64\x64\link.exe /ERRORREPORT:PROMPT /OUT:"D:\лабы\псп\Lab08-10\Lab08-10\x64\Debug\SumFunc.dll" /INCREMENTAL /ILK:"x64\Debug\SumFunc.ilk" /NOLOGO kernel32.lib user32.lib gdi32.lib winspool.lib comdlg32.lib advapi32.lib shell32.lib ole32.lib oleaut32.lib uuid.lib odbc32.lib odbccp32.lib /MANIFEST /MANIFESTUAC:NO /manifest:embed /DEBUG /PDB:"D:\лабы\псп\Lab08-10\Lab08-10\x64\Debug\SumFunc.pdb" /SUBSYSTEM:WINDOWS /TLBID:1 /DYNAMICBASE /NXCOMPAT /IMPLIB:"D:\лабы\псп\Lab08-10\Lab08-10\x64\Debug\SumFunc.lib" /MACHINE:X64 /DLL x64\Debug\dllmain.obj
            Создается библиотека D:\лабы\псп\Lab08-10\Lab08-10\x64\Debug\SumFunc.lib и объект D:\лабы\псп\Lab08-10\Lab08-10\x64\Debug\SumFunc.exp
         SumFunc.vcxproj -> D:\лабы\псп\Lab08-10\Lab08-10\x64\Debug\SumFunc.dll
       FinalizeBuildStatus:
         Файл "x64\Debug\SumFunc.tlog\unsuccessfulbuild" удаляется.
         Обращение к "x64\Debug\SumFunc.tlog\SumFunc.lastbuildstate".
     1>Сборка проекта "D:\лабы\псп\Lab08-10\Lab08-10\SumFunc\SumFunc.vcxproj" завершена (целевые объекты Build).

Сборка успешно завершена.
    Предупреждений: 0
    Ошибок: 0

Прошло времени 00:00:00.94
