Сборка начата 23.01.2025 23:20:20.
Уровень детализации журнала: Normal.     1>Проект "D:\лабы\псп\lab5\lab5\ClientB\ClientB.vcxproj" в узле 2 (целевые объекты Build).
     1>C:\Program Files\Microsoft Visual Studio\2022\Community\MSBuild\Microsoft\VC\v170\Microsoft.CppBuild.targets(531,5): warning MSB8028: промежуточный каталог (Debug\) содержит файлы, которые используются совместно с другим проектом (ClientB.vcxproj).  Это может привести к ошибкам очистки и перестроения.
         Структурированный вывод включен. Форматирование диагностики компилятора будет отражать иерархию ошибок. Подробнее см. https://aka.ms/cpp/structured-output.
     1>InitializeBuildStatus:
         Создание "Debug\ClientS.tlog\unsuccessfulbuild", так как было задано "AlwaysCreate".
         Обращение к "Debug\ClientS.tlog\unsuccessfulbuild".
       ClCompile:
         C:\Program Files\Microsoft Visual Studio\2022\Community\VC\Tools\MSVC\14.38.33130\bin\HostX86\x86\CL.exe /c /ZI /JMC /nologo /W3 /WX- /diagnostics:column /sdl /Od /Oy- /D WIN32 /D _DEBUG /D _CONSOLE /D _UNICODE /D UNICODE /Gm- /EHsc /RTC1 /MDd /GS /fp:precise /Zc:wchar_t /Zc:forScope /Zc:inline /permissive- /Fo"Debug\\" /Fd"Debug\vc143.pdb" /external:W3 /Gd /TP /analyze- /FC /errorReport:prompt ClientS.cpp
         ClientS.cpp
     1>D:\лабы\псп\lab5\lab5\ClientB\ClientS.cpp(14,1): warning C4326: возвращаемый тип "main" должен быть "int", а не "void"
       Link:
         C:\Program Files\Microsoft Visual Studio\2022\Community\VC\Tools\MSVC\14.38.33130\bin\HostX86\x86\link.exe /ERRORREPORT:PROMPT /OUT:"D:\лабы\псп\lab5\lab5\Debug\ClientS.exe" /INCREMENTAL /ILK:"Debug\ClientS.ilk" /NOLOGO kernel32.lib user32.lib gdi32.lib winspool.lib comdlg32.lib advapi32.lib shell32.lib ole32.lib oleaut32.lib uuid.lib odbc32.lib odbccp32.lib /MANIFEST /MANIFESTUAC:"level='asInvoker' uiAccess='false'" /manifest:embed /DEBUG /PDB:"D:\лабы\псп\lab5\lab5\Debug\ClientS.pdb" /SUBSYSTEM:CONSOLE /TLBID:1 /DYNAMICBASE /NXCOMPAT /IMPLIB:"D:\лабы\псп\lab5\lab5\Debug\ClientS.lib" /MACHINE:X86 Debug\ClientS.obj
         Debug\Errors.obj
         ClientB.vcxproj -> D:\лабы\псп\lab5\lab5\Debug\ClientS.exe
       FinalizeBuildStatus:
         Файл "Debug\ClientS.tlog\unsuccessfulbuild" удаляется.
         Обращение к "Debug\ClientS.tlog\ClientS.lastbuildstate".
     1>Сборка проекта "D:\лабы\псп\lab5\lab5\ClientB\ClientB.vcxproj" завершена (целевые объекты Build).

Сборка успешно завершена.

       "D:\лабы\псп\lab5\lab5\ClientB\ClientB.vcxproj" (целевой объект Build ) (1) ->
       (Целевой объект PrepareForBuild) -> 
         C:\Program Files\Microsoft Visual Studio\2022\Community\MSBuild\Microsoft\VC\v170\Microsoft.CppBuild.targets(531,5): warning MSB8028: промежуточный каталог (Debug\) содержит файлы, которые используются совместно с другим проектом (ClientB.vcxproj).  Это может привести к ошибкам очистки и перестроения.


       "D:\лабы\псп\lab5\lab5\ClientB\ClientB.vcxproj" (целевой объект Build ) (1) ->
       (Целевой объект ClCompile) -> 
         D:\лабы\псп\lab5\lab5\ClientB\ClientS.cpp(14,1): warning C4326: возвращаемый тип "main" должен быть "int", а не "void"

    Предупреждений: 2
    Ошибок: 0

Прошло времени 00:00:03.88
