Сборка начата 09.10.2024 20:20:14.
Уровень детализации журнала: Normal.     1>Проект "D:\лабы\псп\lab6\lab6\ClientNPct\ClientNPct.vcxproj" в узле 2 (целевые объекты Build).
     1>PrepareForBuild:
         Структурированный вывод включен. Форматирование диагностики компилятора будет отражать иерархию ошибок. Подробнее см. https://aka.ms/cpp/structured-output.
       InitializeBuildStatus:
         Обращение к "x64\Debug\ClientNPct.tlog\unsuccessfulbuild".
       ClCompile:
         C:\Program Files\Microsoft Visual Studio\2022\Community\VC\Tools\MSVC\14.38.33130\bin\HostX64\x64\CL.exe /c /ZI /JMC /nologo /W3 /WX- /diagnostics:column /sdl /Od /D _DEBUG /D _CONSOLE /D _UNICODE /D UNICODE /Gm- /EHsc /RTC1 /MDd /GS /fp:precise /Zc:wchar_t /Zc:forScope /Zc:inline /permissive- /Fo"x64\Debug\\" /Fd"x64\Debug\vc143.pdb" /external:W3 /Gd /TP /FC /errorReport:prompt ClientNPct.cpp
         ClientNPct.cpp
     1>D:\лабы\псп\lab6\lab6\ClientNPct\ClientNPct.cpp(19,57): warning C4267: аргумент: преобразование из "size_t" в "DWORD"; возможна потеря данных
       Link:
         C:\Program Files\Microsoft Visual Studio\2022\Community\VC\Tools\MSVC\14.38.33130\bin\HostX64\x64\link.exe /ERRORREPORT:PROMPT /OUT:"D:\лабы\псп\lab6\lab6\x64\Debug\ClientNPct.exe" /INCREMENTAL /ILK:"x64\Debug\ClientNPct.ilk" /NOLOGO kernel32.lib user32.lib gdi32.lib winspool.lib comdlg32.lib advapi32.lib shell32.lib ole32.lib oleaut32.lib uuid.lib odbc32.lib odbccp32.lib /MANIFEST /MANIFESTUAC:"level='asInvoker' uiAccess='false'" /manifest:embed /DEBUG /PDB:"D:\лабы\псп\lab6\lab6\x64\Debug\ClientNPct.pdb" /SUBSYSTEM:CONSOLE /TLBID:1 /DYNAMICBASE /NXCOMPAT /IMPLIB:"D:\лабы\псп\lab6\lab6\x64\Debug\ClientNPct.lib" /MACHINE:X64 x64\Debug\ClientNPct.obj
         x64\Debug\Errors.obj
         ClientNPct.vcxproj -> D:\лабы\псп\lab6\lab6\x64\Debug\ClientNPct.exe
       FinalizeBuildStatus:
         Файл "x64\Debug\ClientNPct.tlog\unsuccessfulbuild" удаляется.
         Обращение к "x64\Debug\ClientNPct.tlog\ClientNPct.lastbuildstate".
     1>Сборка проекта "D:\лабы\псп\lab6\lab6\ClientNPct\ClientNPct.vcxproj" завершена (целевые объекты Build).

Сборка успешно завершена.

       "D:\лабы\псп\lab6\lab6\ClientNPct\ClientNPct.vcxproj" (целевой объект Build ) (1) ->
       (Целевой объект ClCompile) -> 
         D:\лабы\псп\lab6\lab6\ClientNPct\ClientNPct.cpp(19,57): warning C4267: аргумент: преобразование из "size_t" в "DWORD"; возможна потеря данных

    Предупреждений: 1
    Ошибок: 0

Прошло времени 00:00:01.33
